2025-01-19 09:48:26 [INFO]: Registrando rotas...
2025-01-19 09:48:26 [INFO]: Registrando Auth Router...
2025-01-19 09:48:26 [INFO]: Auth Router registrado com sucesso.
2025-01-19 09:48:26 [INFO]: Registrando Products Router...
2025-01-19 09:48:26 [INFO]: Products Router registrado com sucesso.
2025-01-19 09:48:26 [INFO]: Registrando Carts Router...
2025-01-19 09:48:26 [INFO]: Carts Router registrado com sucesso.
2025-01-19 09:48:26 [INFO]: Registrando Chat Router...
2025-01-19 09:48:26 [INFO]: Chat Router registrado com sucesso.
2025-01-19 09:48:26 [INFO]: Registrando Ticket Router...
2025-01-19 09:48:26 [INFO]: Ticket Router registrado com sucesso.
2025-01-19 09:48:26 [INFO]: Registrando Views Router...
2025-01-19 09:48:26 [INFO]: Views Router registrado com sucesso.
2025-01-19 09:48:26 [INFO]: Servidor rodando em http://localhost:8080
2025-01-19 09:55:15 [INFO]: Registrando rotas...
2025-01-19 09:55:15 [INFO]: Registrando Auth Router...
2025-01-19 09:55:15 [INFO]: Auth Router registrado com sucesso.
2025-01-19 09:55:15 [INFO]: Registrando Products Router...
2025-01-19 09:55:15 [INFO]: Products Router registrado com sucesso.
2025-01-19 09:55:15 [INFO]: Registrando Carts Router...
2025-01-19 09:55:15 [INFO]: Carts Router registrado com sucesso.
2025-01-19 09:55:15 [INFO]: Registrando Chat Router...
2025-01-19 09:55:15 [INFO]: Chat Router registrado com sucesso.
2025-01-19 09:55:15 [INFO]: Registrando Ticket Router...
2025-01-19 09:55:15 [INFO]: Ticket Router registrado com sucesso.
2025-01-19 09:55:15 [INFO]: Registrando Views Router...
2025-01-19 09:55:15 [INFO]: Views Router registrado com sucesso.
2025-01-19 09:55:15 [INFO]: Servidor rodando em http://localhost:8080
2025-01-19 09:55:31 [INFO]: Log de INFO registrado!
2025-01-19 09:58:13 [INFO]: Registrando rotas...
2025-01-19 09:58:13 [INFO]: Registrando Auth Router...
2025-01-19 09:58:13 [INFO]: Auth Router registrado com sucesso.
2025-01-19 09:58:13 [INFO]: Registrando Products Router...
2025-01-19 09:58:13 [INFO]: Products Router registrado com sucesso.
2025-01-19 09:58:13 [INFO]: Registrando Carts Router...
2025-01-19 09:58:13 [INFO]: Carts Router registrado com sucesso.
2025-01-19 09:58:13 [INFO]: Registrando Chat Router...
2025-01-19 09:58:13 [INFO]: Chat Router registrado com sucesso.
2025-01-19 09:58:13 [INFO]: Registrando Ticket Router...
2025-01-19 09:58:13 [INFO]: Ticket Router registrado com sucesso.
2025-01-19 09:58:13 [INFO]: Registrando Views Router...
2025-01-19 09:58:13 [INFO]: Views Router registrado com sucesso.
2025-01-19 09:58:13 [INFO]: Servidor rodando em http://localhost:8080
2025-01-19 10:01:46 [INFO]: Registrando rotas...
2025-01-19 10:01:46 [INFO]: Registrando Auth Router...
2025-01-19 10:01:46 [INFO]: Auth Router registrado com sucesso.
2025-01-19 10:01:46 [INFO]: Registrando Products Router...
2025-01-19 10:01:46 [INFO]: Products Router registrado com sucesso.
2025-01-19 10:01:46 [INFO]: Registrando Carts Router...
2025-01-19 10:01:46 [INFO]: Carts Router registrado com sucesso.
2025-01-19 10:01:46 [INFO]: Registrando Chat Router...
2025-01-19 10:01:46 [INFO]: Chat Router registrado com sucesso.
2025-01-19 10:01:46 [INFO]: Registrando Ticket Router...
2025-01-19 10:01:46 [INFO]: Ticket Router registrado com sucesso.
2025-01-19 10:01:46 [INFO]: Registrando Views Router...
2025-01-19 10:01:46 [INFO]: Views Router registrado com sucesso.
2025-01-19 10:01:46 [INFO]: Servidor rodando em http://localhost:8080
2025-01-19 10:01:55 [INFO]: Log de INFO registrado!
2025-01-19 10:01:55 [WARN]: Log de WARNING registrado!
2025-01-19 10:01:55 [ERROR]: Log de ERROR registrado!
2025-01-19 10:03:50 [INFO]: Registrando rotas...
2025-01-19 10:03:50 [INFO]: Registrando Auth Router...
2025-01-19 10:03:50 [INFO]: Auth Router registrado com sucesso.
2025-01-19 10:03:50 [INFO]: Registrando Products Router...
2025-01-19 10:03:50 [INFO]: Products Router registrado com sucesso.
2025-01-19 10:03:50 [INFO]: Registrando Carts Router...
2025-01-19 10:03:50 [INFO]: Carts Router registrado com sucesso.
2025-01-19 10:03:50 [INFO]: Registrando Chat Router...
2025-01-19 10:03:50 [INFO]: Chat Router registrado com sucesso.
2025-01-19 10:03:50 [INFO]: Registrando Ticket Router...
2025-01-19 10:03:50 [INFO]: Ticket Router registrado com sucesso.
2025-01-19 10:03:50 [INFO]: Registrando Views Router...
2025-01-19 10:03:50 [INFO]: Views Router registrado com sucesso.
2025-01-19 10:03:50 [INFO]: Servidor rodando em http://localhost:8080
2025-01-19 10:03:58 [HTTP]: Log de HTTP registrado!
2025-01-19 10:03:58 [INFO]: Log de INFO registrado!
2025-01-19 10:03:58 [WARNING]: Log de WARNING registrado!
2025-01-19 10:03:58 [ERROR]: Log de ERROR registrado!
2025-01-19 10:03:58 [FATAL]: Log de FATAL registrado!
2025-01-19 11:20:15 [INFO]: Registrando rotas...
2025-01-19 11:20:15 [INFO]: Registrando Auth Router...
2025-01-19 11:20:15 [INFO]: Auth Router registrado com sucesso.
2025-01-19 11:20:15 [INFO]: Registrando Products Router...
2025-01-19 11:20:15 [INFO]: Products Router registrado com sucesso.
2025-01-19 11:20:15 [INFO]: Registrando Carts Router...
2025-01-19 11:20:15 [INFO]: Carts Router registrado com sucesso.
2025-01-19 11:20:15 [INFO]: Registrando Chat Router...
2025-01-19 11:20:15 [INFO]: Chat Router registrado com sucesso.
2025-01-19 11:20:15 [INFO]: Registrando Ticket Router...
2025-01-19 11:20:15 [INFO]: Ticket Router registrado com sucesso.
2025-01-19 11:20:15 [INFO]: Registrando Views Router...
2025-01-19 11:20:15 [INFO]: Views Router registrado com sucesso.
2025-01-19 11:20:15 [INFO]: Servidor rodando em http://localhost:8080
