2025-01-19 10:01:55 [ERROR]: Log de ERROR registrado!
2025-01-19 10:03:58 [ERROR]: Log de ERROR registrado!
2025-01-19 10:03:58 [FATAL]: Log de FATAL registrado!
2025-01-25 09:16:16 [ERROR]: Erro ao registrar rotas:
2025-01-25 09:25:12 [ERROR]: Erro ao registrar rotas:
2025-01-25 09:29:06 [ERROR]: Erro ao registrar rotas:
2025-01-25 09:33:04 [ERROR]: Erro ao registrar rotas:
2025-01-25 09:41:22 [ERROR]: Erro ao registrar rotas:
2025-01-25 12:37:24 [ERROR]: Erro: UNKNOWN_ERROR - Cast to ObjectId failed for value "157220787" (type string) at path "_id" for model "User"
2025-01-25 12:37:53 [ERROR]: Erro: UNKNOWN_ERROR - Cast to ObjectId failed for value "157220787" (type string) at path "_id" for model "User"
2025-01-25 12:44:08 [ERROR]: Erro: UNKNOWN_ERROR - Cannot read properties of undefined (reading 'toString')
2025-01-25 12:44:57 [ERROR]: Erro: UNKNOWN_ERROR - Cannot read properties of undefined (reading 'toString')
2025-01-25 12:45:30 [ERROR]: Erro: UNKNOWN_ERROR - Cannot read properties of undefined (reading 'toString')
2025-01-25 12:45:57 [ERROR]: Erro: UNKNOWN_ERROR - Cannot read properties of undefined (reading 'toString')
2025-01-25 12:53:59 [ERROR]: Erro: UNKNOWN_ERROR - Cannot read properties of undefined (reading 'toString')
2025-01-25 12:54:47 [ERROR]: Erro: UNKNOWN_ERROR - Cannot read properties of undefined (reading 'toString')
2025-01-25 12:59:32 [ERROR]: Erro: UNKNOWN_ERROR - Erro ao serializar usuário: ID inválido
2025-01-25 13:03:10 [ERROR]: Erro: UNKNOWN_ERROR - Erro ao serializar usuário: ID inválido
2025-01-25 13:03:47 [ERROR]: Erro: UNKNOWN_ERROR - Failed to obtain access token
2025-01-25 13:03:51 [ERROR]: Erro: UNKNOWN_ERROR - Erro ao serializar usuário: ID inválido
2025-01-25 13:03:55 [ERROR]: Erro: UNKNOWN_ERROR - Failed to obtain access token
2025-01-25 13:07:32 [ERROR]: Erro: UNKNOWN_ERROR - Erro ao serializar usuário: ID inválido
2025-01-25 13:07:41 [ERROR]: Erro: UNKNOWN_ERROR - Failed to obtain access token
2025-01-25 13:07:42 [ERROR]: Erro: UNKNOWN_ERROR - Failed to obtain access token
2025-01-25 13:07:52 [ERROR]: Erro: UNKNOWN_ERROR - Erro ao serializar usuário: ID inválido
2025-01-25 13:11:56 [ERROR]: Erro: UNKNOWN_ERROR - Usuário inválido ou sem ID para serializar.
2025-01-25 13:15:52 [ERROR]: Erro: UNKNOWN_ERROR - Usuário inválido ou sem ID para serializar.
2025-01-25 13:25:07 [ERROR]: Erro: UNKNOWN_ERROR - Usuário inválido ou sem ID para serializar.
2025-01-25 13:29:07 [ERROR]: Erro: UNKNOWN_ERROR - Usuário inválido ou sem ID para serializar.
2025-01-25 13:36:43 [ERROR]: Erro: UNKNOWN_ERROR - Usuário inválido ou sem ID para serializar.
2025-01-28 17:28:28 [ERROR]: Erro: UNKNOWN_ERROR - Usuário inválido ou sem ID para serializar.
